<?xml version="1.0" encoding="UTF-8"?>
<testsuite name="bots.WCCBotTest" tests="1" skipped="0" failures="0" errors="0" timestamp="2021-12-17T02:45:36" hostname="DESKTOP-CR93IMT" time="0.716">
  <properties/>
  <testcase name="verifyDataListSize()" classname="bots.WCCBotTest" time="0.716"/>
  <system-out><![CDATA[]]></system-out>
  <system-err><![CDATA[653 [Test worker] INFO bot - 5,4/5.8/2,8
654 [Test worker] INFO bot - 5,4/5.8/2,8
654 [Test worker] INFO bot - 5,4/5.8/2,8
]]></system-err>
</testsuite>
